Line 28: Class TabDlg.SSTab of control sstProperties was not a loaded control class.
Line 457: Class agRichEditBox.agRichEdit of control agEditor was not a loaded control class.
Line 492: Class MSComctlLib.ImageList of control ilsFileIcons was not a loaded control class.
Line 680: Class MSComctlLib.ListView of control lvwBrowser was not a loaded control class.
Line 771: Class MSComDlg.CommonDialog of control dlgFont was not a loaded control class.
Line 1325: Class MSComctlLib.Slider of control sliZoom was not a loaded control class.
Line 1439: Class MSComctlLib.StatusBar of control staTusBar1 was not a loaded control class.
Line 35: The property name _ExtentX in sstProperties is invalid.
Line 36: The property name _ExtentY in sstProperties is invalid.
Line 37: The property name _Version in sstProperties is invalid.
Line 38: The property name Style in sstProperties is invalid.
Line 39: The property name Tabs in sstProperties is invalid.
Line 40: The property name TabHeight in sstProperties is invalid.
Line 41: The property name ShowFocusRect in sstProperties is invalid.
Line 51: The property name TabCaption(0) in sstProperties is invalid.
Line 52: The property name TabPicture(0) in sstProperties is invalid.
Line 53: The property name Tab(0).ControlEnabled in sstProperties is invalid.
Line 54: The property name Tab(0).Control(0) in sstProperties is invalid.
Line 55: The property name Tab(0).Control(0).Enabled in sstProperties is invalid.
Line 56: The property name Tab(0).Control(1) in sstProperties is invalid.
Line 57: The property name Tab(0).Control(1).Enabled in sstProperties is invalid.
Line 58: The property name Tab(0).ControlCount in sstProperties is invalid.
Line 463: The property name _ExtentX in agEditor is invalid.
Line 464: The property name _ExtentY in agEditor is invalid.
Line 465: The property name Version in agEditor is invalid.
Line 476: The property name ViewMode in agEditor is invalid.
Line 477: The property name TrapTab in agEditor is invalid.
Line 478: The property name AutoURLDetect in agEditor is invalid.
Line 479: The property name TextOnly in agEditor is invalid.
Line 480: The property name ScrollBars in agEditor is invalid.
Line 495: The property name _ExtentX in ilsFileIcons is invalid.
Line 496: The property name _ExtentY in ilsFileIcons is invalid.
Line 498: The property name ImageWidth in ilsFileIcons is invalid.
Line 499: The property name ImageHeight in ilsFileIcons is invalid.
Line 500: The property name MaskColor in ilsFileIcons is invalid.
Line 501: The property name _Version in ilsFileIcons is invalid.
Line 552: The property name Images in ilsFileIcons is invalid.
Line 687: The property name _ExtentX in lvwBrowser is invalid.
Line 688: The property name _ExtentY in lvwBrowser is invalid.
Line 689: The property name SortKey in lvwBrowser is invalid.
Line 690: The property name View in lvwBrowser is invalid.
Line 691: The property name Arrange in lvwBrowser is invalid.
Line 692: The property name LabelEdit in lvwBrowser is invalid.
Line 693: The property name LabelWrap in lvwBrowser is invalid.
Line 694: The property name HideSelection in lvwBrowser is invalid.
Line 695: The property name AllowReorder in lvwBrowser is invalid.
Line 696: The property name GridLines in lvwBrowser is invalid.
Line 697: The property name _Version in lvwBrowser is invalid.
Line 698: The property name Icons in lvwBrowser is invalid.
Line 699: The property name SmallIcons in lvwBrowser is invalid.
Line 713: The property name NumItems in lvwBrowser is invalid.
Line 719: The property name ColumnHeader(1) in lvwBrowser is invalid.
Line 726: The property name ColumnHeader(2) in lvwBrowser is invalid.
Line 733: The property name ColumnHeader(3) in lvwBrowser is invalid.
Line 739: The property name ColumnHeader(4) in lvwBrowser is invalid.
Line 747: The property name ColumnHeader(5) in lvwBrowser is invalid.
Line 680: Property MouseIcon in lvwBrowser could not be set.
Line 774: The property name _ExtentX in dlgFont is invalid.
Line 775: The property name _ExtentY in dlgFont is invalid.
Line 776: The property name _Version in dlgFont is invalid.
Line 777: The property name CancelError in dlgFont is invalid.
Line 1333: The property name _ExtentX in sliZoom is invalid.
Line 1334: The property name _ExtentY in sliZoom is invalid.
Line 1335: The property name _Version in sliZoom is invalid.
Line 1336: The property name LargeChange in sliZoom is invalid.
Line 1337: The property name SmallChange in sliZoom is invalid.
Line 1338: The property name Max in sliZoom is invalid.
Line 1339: The property name SelStart in sliZoom is invalid.
Line 1340: The property name TickFrequency in sliZoom is invalid.
Line 1341: The property name Value in sliZoom is invalid.
Line 1342: The property name TextPosition in sliZoom is invalid.
Line 1446: The property name _ExtentX in staTusBar1 is invalid.
Line 1447: The property name _ExtentY in staTusBar1 is invalid.
Line 1448: The property name _Version in staTusBar1 is invalid.
Line 1486: The property name Panels in staTusBar1 is invalid.
